Testsuite: helloworld.TestControllerTests
Tests run: 8, Failures: 5, Errors: 0, Time elapsed: 2,24 sec
------------- Standard Output ---------------
--Output from testIndex--
--Output from testList--
--Output from testCreate--
--Output from testSave--
--Output from testShow--
--Output from testEdit--
--Output from testUpdate--
--Output from testDelete--
------------- ---------------- ---------------
------------- Standard Error -----------------
--Output from testIndex--
--Output from testList--
--Output from testCreate--
--Output from testSave--
--Output from testShow--
--Output from testEdit--
--Output from testUpdate--
--Output from testDelete--
------------- ---------------- ---------------

Testcase: testIndex took 0,603 sec
Testcase: testList took 0,652 sec
Testcase: testCreate took 0,177 sec
Testcase: testSave took 0,159 sec
	FAILED
Assertion failed: 

assert response.redirectedUrl == '/test/show/1'
       |        |             |
       |        null          false
       org.codehaus.groovy.grails.plugins.testing.GrailsMockHttpServletResponse@11d612fc

junit.framework.AssertionFailedError: Assertion failed: 

assert response.redirectedUrl == '/test/show/1'
       |        |             |
       |        null          false
       org.codehaus.groovy.grails.plugins.testing.GrailsMockHttpServletResponse@11d612fc

	at helloworld.TestControllerTests.testSave(TestControllerTests.groovy:48)

Testcase: testShow took 0,267 sec
	FAILED
Assertion failed: 

assert test.save() != null
       |    |      |
       |    null   false
       helloworld.Test : (unsaved)

junit.framework.AssertionFailedError: Assertion failed: 

assert test.save() != null
       |    |      |
       |    null   false
       helloworld.Test : (unsaved)

	at helloworld.TestControllerTests.testShow(TestControllerTests.groovy:62)

Testcase: testEdit took 0,09 sec
	FAILED
Assertion failed: 

assert test.save() != null
       |    |      |
       |    null   false
       helloworld.Test : (unsaved)

junit.framework.AssertionFailedError: Assertion failed: 

assert test.save() != null
       |    |      |
       |    null   false
       helloworld.Test : (unsaved)

	at helloworld.TestControllerTests.testEdit(TestControllerTests.groovy:80)

Testcase: testUpdate took 0,112 sec
	FAILED
Assertion failed: 

assert test.save() != null
       |    |      |
       |    null   false
       helloworld.Test : (unsaved)

junit.framework.AssertionFailedError: Assertion failed: 

assert test.save() != null
       |    |      |
       |    null   false
       helloworld.Test : (unsaved)

	at helloworld.TestControllerTests.testUpdate(TestControllerTests.groovy:100)

Testcase: testDelete took 0,085 sec
	FAILED
Assertion failed: 

assert test.save() != null
       |    |      |
       |    null   false
       helloworld.Test : (unsaved)

junit.framework.AssertionFailedError: Assertion failed: 

assert test.save() != null
       |    |      |
       |    null   false
       helloworld.Test : (unsaved)

	at helloworld.TestControllerTests.testDelete(TestControllerTests.groovy:144)

